Flutter crash report.
Please report a bug at https://github.com/flutter/flutter/issues.

## command

flutter run -d chrome

## exception

HttpException: HttpException: Connection closed before full header was received, uri = http://localhost:65397/devtools/page/5F0E52E073CADD7ACAA7D28F1C11A2F8

```
```

## flutter doctor

```
[32m[✓][39m Flutter (Channel stable,
    3.24.0, on Microsoft
    Windows [Version
    10.0.22631.4169], locale
    en-US)
    [32m•[39m Flutter version 3.24.0
      on channel stable at
      C:\Users\maugusto\flutte
      r
    [32m•[39m Upstream repository
      https://github.com/flutt
      er/flutter.git
    [32m•[39m Framework revision
      80c2e84975 (7 weeks
      ago), 2024-07-30
      23:06:49 +0700
    [32m•[39m Engine revision
      b8800d88be
    [32m•[39m Dart version 3.5.0
    [32m•[39m DevTools version 2.37.2

[32m[✓][39m Windows Version (Installed
    version of Windows is
    version 10 or higher)

[33m[!][39m Android toolchain -
    develop for Android
    devices (Android SDK
    version 35.0.0)
    [32m•[39m Android SDK at
      C:\Users\maugusto\AppDat
      a\Local\Android\sdk
    [31m✗[39m cmdline-tools component
      is missing
      Run `path/to/sdkmanager
      --install
      "cmdline-tools;latest"`
      See
      https://developer.androi
      d.com/studio/command-lin
      e for more details.
    [31m✗[39m Android license status
      unknown.
      Run `flutter doctor
      --android-licenses` to
      accept the SDK licenses.
      See
      https://flutter.dev/to/w
      indows-android-setup for
      more details.

[32m[✓][39m Chrome - develop for the
    web
    [32m•[39m Chrome at C:\Program
      Files\Google\Chrome\Appl
      ication\chrome.exe

[31m[✗][39m Visual Studio - develop
    Windows apps
    [31m✗[39m Visual Studio not
      installed; this is
      necessary to develop
      Windows apps.
      Download at
      https://visualstudio.mic
      rosoft.com/downloads/.
      Please install the
      "Desktop development
      with C++" workload,
      including all of its
      default components

[33m[!][39m Android Studio (not
    installed)
    [32m•[39m Android Studio not
      found; download from
      https://developer.androi
      d.com/studio/index.html
      (or visit
      https://flutter.dev/to/w
      indows-android-setup for
      detailed instructions).

[32m[✓][39m VS Code (version 1.93.1)
    [32m•[39m VS Code at
      C:\Users\maugusto\AppDat
      a\Local\Programs\Microso
      ft VS Code
    [32m•[39m Flutter extension
      version 3.96.0

[32m[✓][39m Connected device (3
    available)
    [32m•[39m Windows (desktop) •
      windows • windows-x64
      • Microsoft Windows
      [Version
      10.0.22631.4169]
    [32m•[39m Chrome (web)      •
      chrome  • web-javascript
      • Google Chrome
      128.0.6613.138
    [32m•[39m Edge (web)        • edge
      • web-javascript •
      Microsoft Edge
      128.0.2739.79

[32m[✓][39m Network resources
    [32m•[39m All expected network
      resources are available.

[33m![39m Doctor found issues in 3
  categories.
```
